2017-04-18 16:37:13 Error: [ParseError] syntax error, unexpected ')'
Request URL: /blog/posts
Stack Trace:
#0 [internal function]: App::load('PostsController')
#1 [internal function]: spl_autoload_call('PostsController')
#2 /var/www/html/projetos/blog/lib/Cake/Routing/Dispatcher.php(266): class_exists('PostsController')
#3 /var/www/html/projetos/blog/lib/Cake/Routing/Dispatcher.php(235): Dispatcher->_loadController(Object(CakeRequest))
#4 /var/www/html/projetos/blog/lib/Cake/Routing/Dispatcher.php(158): Dispatcher->_getController(Object(CakeRequest), Object(CakeResponse))
#5 /var/www/html/projetos/blog/app/webroot/index.php(110): Dispatcher->dispatch(Object(CakeRequest), Object(CakeResponse))
#6 {main}
2017-04-18 16:41:16 Error: [ParseError] syntax error, unexpected ')'
Request URL: /blog/posts
Stack Trace:
#0 [internal function]: App::load('PostsController')
#1 [internal function]: spl_autoload_call('PostsController')
#2 /var/www/html/projetos/blog/lib/Cake/Routing/Dispatcher.php(266): class_exists('PostsController')
#3 /var/www/html/projetos/blog/lib/Cake/Routing/Dispatcher.php(235): Dispatcher->_loadController(Object(CakeRequest))
#4 /var/www/html/projetos/blog/lib/Cake/Routing/Dispatcher.php(158): Dispatcher->_getController(Object(CakeRequest), Object(CakeResponse))
#5 /var/www/html/projetos/blog/app/webroot/index.php(110): Dispatcher->dispatch(Object(CakeRequest), Object(CakeResponse))
#6 {main}
2017-04-18 16:41:21 Error: [ParseError] syntax error, unexpected ')'
Request URL: /blog/posts/adit
Stack Trace:
#0 [internal function]: App::load('PostsController')
#1 [internal function]: spl_autoload_call('PostsController')
#2 /var/www/html/projetos/blog/lib/Cake/Routing/Dispatcher.php(266): class_exists('PostsController')
#3 /var/www/html/projetos/blog/lib/Cake/Routing/Dispatcher.php(235): Dispatcher->_loadController(Object(CakeRequest))
#4 /var/www/html/projetos/blog/lib/Cake/Routing/Dispatcher.php(158): Dispatcher->_getController(Object(CakeRequest), Object(CakeResponse))
#5 /var/www/html/projetos/blog/app/webroot/index.php(110): Dispatcher->dispatch(Object(CakeRequest), Object(CakeResponse))
#6 {main}
2017-04-18 16:41:24 Error: [ParseError] syntax error, unexpected ')'
Request URL: /blog/posts/add
Stack Trace:
#0 [internal function]: App::load('PostsController')
#1 [internal function]: spl_autoload_call('PostsController')
#2 /var/www/html/projetos/blog/lib/Cake/Routing/Dispatcher.php(266): class_exists('PostsController')
#3 /var/www/html/projetos/blog/lib/Cake/Routing/Dispatcher.php(235): Dispatcher->_loadController(Object(CakeRequest))
#4 /var/www/html/projetos/blog/lib/Cake/Routing/Dispatcher.php(158): Dispatcher->_getController(Object(CakeRequest), Object(CakeResponse))
#5 /var/www/html/projetos/blog/app/webroot/index.php(110): Dispatcher->dispatch(Object(CakeRequest), Object(CakeResponse))
#6 {main}
2017-04-18 16:45:25 Error: [ParseError] syntax error, unexpected ')'
Request URL: /blog/posts/add
Stack Trace:
#0 [internal function]: App::load('PostsController')
#1 [internal function]: spl_autoload_call('PostsController')
#2 /var/www/html/projetos/blog/lib/Cake/Routing/Dispatcher.php(266): class_exists('PostsController')
#3 /var/www/html/projetos/blog/lib/Cake/Routing/Dispatcher.php(235): Dispatcher->_loadController(Object(CakeRequest))
#4 /var/www/html/projetos/blog/lib/Cake/Routing/Dispatcher.php(158): Dispatcher->_getController(Object(CakeRequest), Object(CakeResponse))
#5 /var/www/html/projetos/blog/app/webroot/index.php(110): Dispatcher->dispatch(Object(CakeRequest), Object(CakeResponse))
#6 {main}
2017-04-18 16:47:27 Error: [ParseError] syntax error, unexpected ')'
Request URL: /blog/posts/add
Stack Trace:
#0 [internal function]: App::load('PostsController')
#1 [internal function]: spl_autoload_call('PostsController')
#2 /var/www/html/projetos/blog/lib/Cake/Routing/Dispatcher.php(266): class_exists('PostsController')
#3 /var/www/html/projetos/blog/lib/Cake/Routing/Dispatcher.php(235): Dispatcher->_loadController(Object(CakeRequest))
#4 /var/www/html/projetos/blog/lib/Cake/Routing/Dispatcher.php(158): Dispatcher->_getController(Object(CakeRequest), Object(CakeResponse))
#5 /var/www/html/projetos/blog/app/webroot/index.php(110): Dispatcher->dispatch(Object(CakeRequest), Object(CakeResponse))
#6 {main}
2017-04-18 16:48:26 Error: [ParseError] syntax error, unexpected ')'
Request URL: /blog/posts/add
Stack Trace:
#0 [internal function]: App::load('PostsController')
#1 [internal function]: spl_autoload_call('PostsController')
#2 /var/www/html/projetos/blog/lib/Cake/Routing/Dispatcher.php(266): class_exists('PostsController')
#3 /var/www/html/projetos/blog/lib/Cake/Routing/Dispatcher.php(235): Dispatcher->_loadController(Object(CakeRequest))
#4 /var/www/html/projetos/blog/lib/Cake/Routing/Dispatcher.php(158): Dispatcher->_getController(Object(CakeRequest), Object(CakeResponse))
#5 /var/www/html/projetos/blog/app/webroot/index.php(110): Dispatcher->dispatch(Object(CakeRequest), Object(CakeResponse))
#6 {main}
2017-04-18 16:48:28 Error: [ParseError] syntax error, unexpected ')'
Request URL: /blog/posts/add
Stack Trace:
#0 [internal function]: App::load('PostsController')
#1 [internal function]: spl_autoload_call('PostsController')
#2 /var/www/html/projetos/blog/lib/Cake/Routing/Dispatcher.php(266): class_exists('PostsController')
#3 /var/www/html/projetos/blog/lib/Cake/Routing/Dispatcher.php(235): Dispatcher->_loadController(Object(CakeRequest))
#4 /var/www/html/projetos/blog/lib/Cake/Routing/Dispatcher.php(158): Dispatcher->_getController(Object(CakeRequest), Object(CakeResponse))
#5 /var/www/html/projetos/blog/app/webroot/index.php(110): Dispatcher->dispatch(Object(CakeRequest), Object(CakeResponse))
#6 {main}
2017-04-18 16:48:28 Error: [ParseError] syntax error, unexpected ')'
Request URL: /blog/posts/add
Stack Trace:
#0 [internal function]: App::load('PostsController')
#1 [internal function]: spl_autoload_call('PostsController')
#2 /var/www/html/projetos/blog/lib/Cake/Routing/Dispatcher.php(266): class_exists('PostsController')
#3 /var/www/html/projetos/blog/lib/Cake/Routing/Dispatcher.php(235): Dispatcher->_loadController(Object(CakeRequest))
#4 /var/www/html/projetos/blog/lib/Cake/Routing/Dispatcher.php(158): Dispatcher->_getController(Object(CakeRequest), Object(CakeResponse))
#5 /var/www/html/projetos/blog/app/webroot/index.php(110): Dispatcher->dispatch(Object(CakeRequest), Object(CakeResponse))
#6 {main}
2017-04-18 16:48:46 Error: [ParseError] syntax error, unexpected ')'
Request URL: /blog/posts/add
Stack Trace:
#0 [internal function]: App::load('PostsController')
#1 [internal function]: spl_autoload_call('PostsController')
#2 /var/www/html/projetos/blog/lib/Cake/Routing/Dispatcher.php(266): class_exists('PostsController')
#3 /var/www/html/projetos/blog/lib/Cake/Routing/Dispatcher.php(235): Dispatcher->_loadController(Object(CakeRequest))
#4 /var/www/html/projetos/blog/lib/Cake/Routing/Dispatcher.php(158): Dispatcher->_getController(Object(CakeRequest), Object(CakeResponse))
#5 /var/www/html/projetos/blog/app/webroot/index.php(110): Dispatcher->dispatch(Object(CakeRequest), Object(CakeResponse))
#6 {main}
2017-04-18 17:03:52 Error: [ParseError] syntax error, unexpected '?>', expecting ',' or ')'
Request URL: /blog/posts
Stack Trace:
#0 /var/www/html/projetos/blog/lib/Cake/View/View.php(933): View->_evaluate('/var/www/html/p...', Array)
#1 /var/www/html/projetos/blog/lib/Cake/View/View.php(473): View->_render('/var/www/html/p...')
#2 /var/www/html/projetos/blog/lib/Cake/Controller/Controller.php(963): View->render(NULL, NULL)
#3 /var/www/html/projetos/blog/lib/Cake/Routing/Dispatcher.php(200): Controller->render()
#4 /var/www/html/projetos/blog/lib/Cake/Routing/Dispatcher.php(167): Dispatcher->_invoke(Object(PostsController), Object(CakeRequest))
#5 /var/www/html/projetos/blog/app/webroot/index.php(110): Dispatcher->dispatch(Object(CakeRequest), Object(CakeResponse))
#6 {main}
2017-04-18 17:04:05 Error: [ParseError] syntax error, unexpected ';', expecting ',' or ')'
Request URL: /blog/posts
Stack Trace:
#0 /var/www/html/projetos/blog/lib/Cake/View/View.php(933): View->_evaluate('/var/www/html/p...', Array)
#1 /var/www/html/projetos/blog/lib/Cake/View/View.php(473): View->_render('/var/www/html/p...')
#2 /var/www/html/projetos/blog/lib/Cake/Controller/Controller.php(963): View->render(NULL, NULL)
#3 /var/www/html/projetos/blog/lib/Cake/Routing/Dispatcher.php(200): Controller->render()
#4 /var/www/html/projetos/blog/lib/Cake/Routing/Dispatcher.php(167): Dispatcher->_invoke(Object(PostsController), Object(CakeRequest))
#5 /var/www/html/projetos/blog/app/webroot/index.php(110): Dispatcher->dispatch(Object(CakeRequest), Object(CakeResponse))
#6 {main}
2017-04-18 17:08:41 Error: [ParseError] syntax error, unexpected '=>' (T_DOUBLE_ARROW), expecting ',' or ')'
Request URL: /blog/posts
Stack Trace:
#0 /var/www/html/projetos/blog/lib/Cake/View/View.php(933): View->_evaluate('/var/www/html/p...', Array)
#1 /var/www/html/projetos/blog/lib/Cake/View/View.php(473): View->_render('/var/www/html/p...')
#2 /var/www/html/projetos/blog/lib/Cake/Controller/Controller.php(963): View->render(NULL, NULL)
#3 /var/www/html/projetos/blog/lib/Cake/Routing/Dispatcher.php(200): Controller->render()
#4 /var/www/html/projetos/blog/lib/Cake/Routing/Dispatcher.php(167): Dispatcher->_invoke(Object(PostsController), Object(CakeRequest))
#5 /var/www/html/projetos/blog/app/webroot/index.php(110): Dispatcher->dispatch(Object(CakeRequest), Object(CakeResponse))
#6 {main}
2017-04-18 17:12:38 Error: [ParseError] syntax error, unexpected ')', expecting ',' or ';'
Request URL: /blog/posts/index/posts/posts/view/2
Stack Trace:
#0 /var/www/html/projetos/blog/lib/Cake/View/View.php(933): View->_evaluate('/var/www/html/p...', Array)
#1 /var/www/html/projetos/blog/lib/Cake/View/View.php(473): View->_render('/var/www/html/p...')
#2 /var/www/html/projetos/blog/lib/Cake/Controller/Controller.php(963): View->render(NULL, NULL)
#3 /var/www/html/projetos/blog/lib/Cake/Routing/Dispatcher.php(200): Controller->render()
#4 /var/www/html/projetos/blog/lib/Cake/Routing/Dispatcher.php(167): Dispatcher->_invoke(Object(PostsController), Object(CakeRequest))
#5 /var/www/html/projetos/blog/app/webroot/index.php(110): Dispatcher->dispatch(Object(CakeRequest), Object(CakeResponse))
#6 {main}
2017-04-18 17:13:32 Error: [MissingActionException] Action PostsController::blog() could not be found.
Exception Attributes: array (
  'controller' => 'PostsController',
  'action' => 'blog',
)
Request URL: /blog/posts/blog/view/1
Stack Trace:
#0 /var/www/html/projetos/blog/lib/Cake/Routing/Dispatcher.php(193): Controller->invokeAction(Object(CakeRequest))
#1 /var/www/html/projetos/blog/lib/Cake/Routing/Dispatcher.php(167): Dispatcher->_invoke(Object(PostsController), Object(CakeRequest))
#2 /var/www/html/projetos/blog/app/webroot/index.php(110): Dispatcher->dispatch(Object(CakeRequest), Object(CakeResponse))
#3 {main}
2017-04-18 17:14:16 Error: [MissingControllerException] Controller class ViewController could not be found.
Exception Attributes: array (
  'class' => 'ViewController',
  'plugin' => NULL,
)
Request URL: /blog/view/1
Stack Trace:
#0 /var/www/html/projetos/blog/app/webroot/index.php(110): Dispatcher->dispatch(Object(CakeRequest), Object(CakeResponse))
#1 {main}
2017-04-18 17:14:44 Error: [MissingActionException] Action PostsController::posts() could not be found.
Exception Attributes: array (
  'controller' => 'PostsController',
  'action' => 'posts',
)
Request URL: /blog/posts/posts/view/1
Stack Trace:
#0 /var/www/html/projetos/blog/lib/Cake/Routing/Dispatcher.php(193): Controller->invokeAction(Object(CakeRequest))
#1 /var/www/html/projetos/blog/lib/Cake/Routing/Dispatcher.php(167): Dispatcher->_invoke(Object(PostsController), Object(CakeRequest))
#2 /var/www/html/projetos/blog/app/webroot/index.php(110): Dispatcher->dispatch(Object(CakeRequest), Object(CakeResponse))
#3 {main}
2017-04-18 17:15:50 Error: [MissingControllerException] Controller class ViewController could not be found.
Exception Attributes: array (
  'class' => 'ViewController',
  'plugin' => NULL,
)
Request URL: /blog/view/1
Stack Trace:
#0 /var/www/html/projetos/blog/app/webroot/index.php(110): Dispatcher->dispatch(Object(CakeRequest), Object(CakeResponse))
#1 {main}
2017-04-18 17:17:38 Error: [MissingControllerException] Controller class ViewController could not be found.
Exception Attributes: array (
  'class' => 'ViewController',
  'plugin' => NULL,
)
Request URL: /blog/view/1
Stack Trace:
#0 /var/www/html/projetos/blog/app/webroot/index.php(110): Dispatcher->dispatch(Object(CakeRequest), Object(CakeResponse))
#1 {main}
2017-04-18 17:17:55 Error: [MissingControllerException] Controller class ViewController could not be found.
Exception Attributes: array (
  'class' => 'ViewController',
  'plugin' => NULL,
)
Request URL: /blog/view/1
Stack Trace:
#0 /var/www/html/projetos/blog/app/webroot/index.php(110): Dispatcher->dispatch(Object(CakeRequest), Object(CakeResponse))
#1 {main}
2017-04-18 17:47:59 Error: [ParseError] syntax error, unexpected ','
Request URL: /blog/posts/
Stack Trace:
#0 [internal function]: App::load('PostsController')
#1 [internal function]: spl_autoload_call('PostsController')
#2 /var/www/html/projetos/blog/lib/Cake/Routing/Dispatcher.php(266): class_exists('PostsController')
#3 /var/www/html/projetos/blog/lib/Cake/Routing/Dispatcher.php(235): Dispatcher->_loadController(Object(CakeRequest))
#4 /var/www/html/projetos/blog/lib/Cake/Routing/Dispatcher.php(158): Dispatcher->_getController(Object(CakeRequest), Object(CakeResponse))
#5 /var/www/html/projetos/blog/app/webroot/index.php(110): Dispatcher->dispatch(Object(CakeRequest), Object(CakeResponse))
#6 {main}
2017-04-18 17:48:18 Error: [ParseError] syntax error, unexpected ','
Request URL: /blog/posts/
Stack Trace:
#0 [internal function]: App::load('PostsController')
#1 [internal function]: spl_autoload_call('PostsController')
#2 /var/www/html/projetos/blog/lib/Cake/Routing/Dispatcher.php(266): class_exists('PostsController')
#3 /var/www/html/projetos/blog/lib/Cake/Routing/Dispatcher.php(235): Dispatcher->_loadController(Object(CakeRequest))
#4 /var/www/html/projetos/blog/lib/Cake/Routing/Dispatcher.php(158): Dispatcher->_getController(Object(CakeRequest), Object(CakeResponse))
#5 /var/www/html/projetos/blog/app/webroot/index.php(110): Dispatcher->dispatch(Object(CakeRequest), Object(CakeResponse))
#6 {main}
2017-04-18 17:48:24 Error: [ParseError] syntax error, unexpected ','
Request URL: /blog/posts/
Stack Trace:
#0 [internal function]: App::load('PostsController')
#1 [internal function]: spl_autoload_call('PostsController')
#2 /var/www/html/projetos/blog/lib/Cake/Routing/Dispatcher.php(266): class_exists('PostsController')
#3 /var/www/html/projetos/blog/lib/Cake/Routing/Dispatcher.php(235): Dispatcher->_loadController(Object(CakeRequest))
#4 /var/www/html/projetos/blog/lib/Cake/Routing/Dispatcher.php(158): Dispatcher->_getController(Object(CakeRequest), Object(CakeResponse))
#5 /var/www/html/projetos/blog/app/webroot/index.php(110): Dispatcher->dispatch(Object(CakeRequest), Object(CakeResponse))
#6 {main}
2017-04-18 17:55:14 Error: [Error] Class 'MethodNotAllowedExpetion' not found
Request URL: /blog/posts/delete/4
Stack Trace:
#0 [internal function]: PostsController->delete('4')
#1 /var/www/html/projetos/blog/lib/Cake/Controller/Controller.php(491): ReflectionMethod->invokeArgs(Object(PostsController), Array)
#2 /var/www/html/projetos/blog/lib/Cake/Routing/Dispatcher.php(193): Controller->invokeAction(Object(CakeRequest))
#3 /var/www/html/projetos/blog/lib/Cake/Routing/Dispatcher.php(167): Dispatcher->_invoke(Object(PostsController), Object(CakeRequest))
#4 /var/www/html/projetos/blog/app/webroot/index.php(110): Dispatcher->dispatch(Object(CakeRequest), Object(CakeResponse))
#5 {main}
2017-04-18 17:56:11 Error: [Error] Class 'MethodNotAllowedExpetion' not found
Request URL: /blog/posts/delete/1
Stack Trace:
#0 [internal function]: PostsController->delete('1')
#1 /var/www/html/projetos/blog/lib/Cake/Controller/Controller.php(491): ReflectionMethod->invokeArgs(Object(PostsController), Array)
#2 /var/www/html/projetos/blog/lib/Cake/Routing/Dispatcher.php(193): Controller->invokeAction(Object(CakeRequest))
#3 /var/www/html/projetos/blog/lib/Cake/Routing/Dispatcher.php(167): Dispatcher->_invoke(Object(PostsController), Object(CakeRequest))
#4 /var/www/html/projetos/blog/app/webroot/index.php(110): Dispatcher->dispatch(Object(CakeRequest), Object(CakeResponse))
#5 {main}
2017-04-18 17:56:49 Error: [Error] Class 'MethodNotAllowedExpetion' not found
Request URL: /blog/posts/delete/2
Stack Trace:
#0 [internal function]: PostsController->delete('2')
#1 /var/www/html/projetos/blog/lib/Cake/Controller/Controller.php(491): ReflectionMethod->invokeArgs(Object(PostsController), Array)
#2 /var/www/html/projetos/blog/lib/Cake/Routing/Dispatcher.php(193): Controller->invokeAction(Object(CakeRequest))
#3 /var/www/html/projetos/blog/lib/Cake/Routing/Dispatcher.php(167): Dispatcher->_invoke(Object(PostsController), Object(CakeRequest))
#4 /var/www/html/projetos/blog/app/webroot/index.php(110): Dispatcher->dispatch(Object(CakeRequest), Object(CakeResponse))
#5 {main}
2017-04-18 18:01:21 Error: [Error] Class 'MethodNotAllowedExpetion' not found
Request URL: /blog/posts/delete/1
Stack Trace:
#0 [internal function]: PostsController->delete('1')
#1 /var/www/html/projetos/blog/lib/Cake/Controller/Controller.php(491): ReflectionMethod->invokeArgs(Object(PostsController), Array)
#2 /var/www/html/projetos/blog/lib/Cake/Routing/Dispatcher.php(193): Controller->invokeAction(Object(CakeRequest))
#3 /var/www/html/projetos/blog/lib/Cake/Routing/Dispatcher.php(167): Dispatcher->_invoke(Object(PostsController), Object(CakeRequest))
#4 /var/www/html/projetos/blog/app/webroot/index.php(110): Dispatcher->dispatch(Object(CakeRequest), Object(CakeResponse))
#5 {main}
2017-04-18 18:01:25 Error: [Error] Class 'MethodNotAllowedExpetion' not found
Request URL: /blog/posts/delete/1
Stack Trace:
#0 [internal function]: PostsController->delete('1')
#1 /var/www/html/projetos/blog/lib/Cake/Controller/Controller.php(491): ReflectionMethod->invokeArgs(Object(PostsController), Array)
#2 /var/www/html/projetos/blog/lib/Cake/Routing/Dispatcher.php(193): Controller->invokeAction(Object(CakeRequest))
#3 /var/www/html/projetos/blog/lib/Cake/Routing/Dispatcher.php(167): Dispatcher->_invoke(Object(PostsController), Object(CakeRequest))
#4 /var/www/html/projetos/blog/app/webroot/index.php(110): Dispatcher->dispatch(Object(CakeRequest), Object(CakeResponse))
#5 {main}
2017-04-18 18:06:23 Error: [Error] Unsupported operand types
Request URL: /blog/posts/edit/3
Stack Trace:
#0 /var/www/html/projetos/blog/app/View/Posts/edit.ctp(3): FormHelper->create('Post', 0)
#1 /var/www/html/projetos/blog/lib/Cake/View/View.php(971): include('/var/www/html/p...')
#2 /var/www/html/projetos/blog/lib/Cake/View/View.php(933): View->_evaluate('/var/www/html/p...', Array)
#3 /var/www/html/projetos/blog/lib/Cake/View/View.php(473): View->_render('/var/www/html/p...')
#4 /var/www/html/projetos/blog/lib/Cake/Controller/Controller.php(963): View->render(NULL, NULL)
#5 /var/www/html/projetos/blog/lib/Cake/Routing/Dispatcher.php(200): Controller->render()
#6 /var/www/html/projetos/blog/lib/Cake/Routing/Dispatcher.php(167): Dispatcher->_invoke(Object(PostsController), Object(CakeRequest))
#7 /var/www/html/projetos/blog/app/webroot/index.php(110): Dispatcher->dispatch(Object(CakeRequest), Object(CakeResponse))
#8 {main}
2017-04-18 18:06:39 Error: [Error] Unsupported operand types
Request URL: /blog/posts/edit/3
Stack Trace:
#0 /var/www/html/projetos/blog/app/View/Posts/edit.ctp(3): FormHelper->create('Post', 0)
#1 /var/www/html/projetos/blog/lib/Cake/View/View.php(971): include('/var/www/html/p...')
#2 /var/www/html/projetos/blog/lib/Cake/View/View.php(933): View->_evaluate('/var/www/html/p...', Array)
#3 /var/www/html/projetos/blog/lib/Cake/View/View.php(473): View->_render('/var/www/html/p...')
#4 /var/www/html/projetos/blog/lib/Cake/Controller/Controller.php(963): View->render(NULL, NULL)
#5 /var/www/html/projetos/blog/lib/Cake/Routing/Dispatcher.php(200): Controller->render()
#6 /var/www/html/projetos/blog/lib/Cake/Routing/Dispatcher.php(167): Dispatcher->_invoke(Object(PostsController), Object(CakeRequest))
#7 /var/www/html/projetos/blog/app/webroot/index.php(110): Dispatcher->dispatch(Object(CakeRequest), Object(CakeResponse))
#8 {main}
2017-04-18 18:06:50 Error: [Error] Unsupported operand types
Request URL: /blog/posts/edit/4
Stack Trace:
#0 /var/www/html/projetos/blog/app/View/Posts/edit.ctp(3): FormHelper->create('Post', 0)
#1 /var/www/html/projetos/blog/lib/Cake/View/View.php(971): include('/var/www/html/p...')
#2 /var/www/html/projetos/blog/lib/Cake/View/View.php(933): View->_evaluate('/var/www/html/p...', Array)
#3 /var/www/html/projetos/blog/lib/Cake/View/View.php(473): View->_render('/var/www/html/p...')
#4 /var/www/html/projetos/blog/lib/Cake/Controller/Controller.php(963): View->render(NULL, NULL)
#5 /var/www/html/projetos/blog/lib/Cake/Routing/Dispatcher.php(200): Controller->render()
#6 /var/www/html/projetos/blog/lib/Cake/Routing/Dispatcher.php(167): Dispatcher->_invoke(Object(PostsController), Object(CakeRequest))
#7 /var/www/html/projetos/blog/app/webroot/index.php(110): Dispatcher->dispatch(Object(CakeRequest), Object(CakeResponse))
#8 {main}
2017-04-18 18:06:55 Error: [Error] Unsupported operand types
Request URL: /blog/posts/edit/7
Stack Trace:
#0 /var/www/html/projetos/blog/app/View/Posts/edit.ctp(3): FormHelper->create('Post', 0)
#1 /var/www/html/projetos/blog/lib/Cake/View/View.php(971): include('/var/www/html/p...')
#2 /var/www/html/projetos/blog/lib/Cake/View/View.php(933): View->_evaluate('/var/www/html/p...', Array)
#3 /var/www/html/projetos/blog/lib/Cake/View/View.php(473): View->_render('/var/www/html/p...')
#4 /var/www/html/projetos/blog/lib/Cake/Controller/Controller.php(963): View->render(NULL, NULL)
#5 /var/www/html/projetos/blog/lib/Cake/Routing/Dispatcher.php(200): Controller->render()
#6 /var/www/html/projetos/blog/lib/Cake/Routing/Dispatcher.php(167): Dispatcher->_invoke(Object(PostsController), Object(CakeRequest))
#7 /var/www/html/projetos/blog/app/webroot/index.php(110): Dispatcher->dispatch(Object(CakeRequest), Object(CakeResponse))
#8 {main}
2017-04-18 18:06:57 Error: [Error] Unsupported operand types
Request URL: /blog/posts/edit/7
Stack Trace:
#0 /var/www/html/projetos/blog/app/View/Posts/edit.ctp(3): FormHelper->create('Post', 0)
#1 /var/www/html/projetos/blog/lib/Cake/View/View.php(971): include('/var/www/html/p...')
#2 /var/www/html/projetos/blog/lib/Cake/View/View.php(933): View->_evaluate('/var/www/html/p...', Array)
#3 /var/www/html/projetos/blog/lib/Cake/View/View.php(473): View->_render('/var/www/html/p...')
#4 /var/www/html/projetos/blog/lib/Cake/Controller/Controller.php(963): View->render(NULL, NULL)
#5 /var/www/html/projetos/blog/lib/Cake/Routing/Dispatcher.php(200): Controller->render()
#6 /var/www/html/projetos/blog/lib/Cake/Routing/Dispatcher.php(167): Dispatcher->_invoke(Object(PostsController), Object(CakeRequest))
#7 /var/www/html/projetos/blog/app/webroot/index.php(110): Dispatcher->dispatch(Object(CakeRequest), Object(CakeResponse))
#8 {main}
2017-04-18 18:07:10 Error: [Error] Unsupported operand types
Request URL: /blog/posts/edit/7
Stack Trace:
#0 /var/www/html/projetos/blog/app/View/Posts/edit.ctp(3): FormHelper->create('Post', 0)
#1 /var/www/html/projetos/blog/lib/Cake/View/View.php(971): include('/var/www/html/p...')
#2 /var/www/html/projetos/blog/lib/Cake/View/View.php(933): View->_evaluate('/var/www/html/p...', Array)
#3 /var/www/html/projetos/blog/lib/Cake/View/View.php(473): View->_render('/var/www/html/p...')
#4 /var/www/html/projetos/blog/lib/Cake/Controller/Controller.php(963): View->render(NULL, NULL)
#5 /var/www/html/projetos/blog/lib/Cake/Routing/Dispatcher.php(200): Controller->render()
#6 /var/www/html/projetos/blog/lib/Cake/Routing/Dispatcher.php(167): Dispatcher->_invoke(Object(PostsController), Object(CakeRequest))
#7 /var/www/html/projetos/blog/app/webroot/index.php(110): Dispatcher->dispatch(Object(CakeRequest), Object(CakeResponse))
#8 {main}
2017-04-18 18:07:13 Error: [Error] Unsupported operand types
Request URL: /blog/posts/edit/3
Stack Trace:
#0 /var/www/html/projetos/blog/app/View/Posts/edit.ctp(3): FormHelper->create('Post', 0)
#1 /var/www/html/projetos/blog/lib/Cake/View/View.php(971): include('/var/www/html/p...')
#2 /var/www/html/projetos/blog/lib/Cake/View/View.php(933): View->_evaluate('/var/www/html/p...', Array)
#3 /var/www/html/projetos/blog/lib/Cake/View/View.php(473): View->_render('/var/www/html/p...')
#4 /var/www/html/projetos/blog/lib/Cake/Controller/Controller.php(963): View->render(NULL, NULL)
#5 /var/www/html/projetos/blog/lib/Cake/Routing/Dispatcher.php(200): Controller->render()
#6 /var/www/html/projetos/blog/lib/Cake/Routing/Dispatcher.php(167): Dispatcher->_invoke(Object(PostsController), Object(CakeRequest))
#7 /var/www/html/projetos/blog/app/webroot/index.php(110): Dispatcher->dispatch(Object(CakeRequest), Object(CakeResponse))
#8 {main}
2017-04-18 18:08:50 Error: [Error] Unsupported operand types
Request URL: /blog/posts/edit/5
Stack Trace:
#0 /var/www/html/projetos/blog/app/View/Posts/edit.ctp(3): FormHelper->create('Post', 0)
#1 /var/www/html/projetos/blog/lib/Cake/View/View.php(971): include('/var/www/html/p...')
#2 /var/www/html/projetos/blog/lib/Cake/View/View.php(933): View->_evaluate('/var/www/html/p...', Array)
#3 /var/www/html/projetos/blog/lib/Cake/View/View.php(473): View->_render('/var/www/html/p...')
#4 /var/www/html/projetos/blog/lib/Cake/Controller/Controller.php(963): View->render(NULL, NULL)
#5 /var/www/html/projetos/blog/lib/Cake/Routing/Dispatcher.php(200): Controller->render()
#6 /var/www/html/projetos/blog/lib/Cake/Routing/Dispatcher.php(167): Dispatcher->_invoke(Object(PostsController), Object(CakeRequest))
#7 /var/www/html/projetos/blog/app/webroot/index.php(110): Dispatcher->dispatch(Object(CakeRequest), Object(CakeResponse))
#8 {main}
2017-04-18 18:09:54 Error: [Error] Unsupported operand types
Request URL: /blog/posts/edit/3
Stack Trace:
#0 /var/www/html/projetos/blog/app/View/Posts/edit.ctp(3): FormHelper->create('Post', 0)
#1 /var/www/html/projetos/blog/lib/Cake/View/View.php(971): include('/var/www/html/p...')
#2 /var/www/html/projetos/blog/lib/Cake/View/View.php(933): View->_evaluate('/var/www/html/p...', Array)
#3 /var/www/html/projetos/blog/lib/Cake/View/View.php(473): View->_render('/var/www/html/p...')
#4 /var/www/html/projetos/blog/lib/Cake/Controller/Controller.php(963): View->render(NULL, NULL)
#5 /var/www/html/projetos/blog/lib/Cake/Routing/Dispatcher.php(200): Controller->render()
#6 /var/www/html/projetos/blog/lib/Cake/Routing/Dispatcher.php(167): Dispatcher->_invoke(Object(PostsController), Object(CakeRequest))
#7 /var/www/html/projetos/blog/app/webroot/index.php(110): Dispatcher->dispatch(Object(CakeRequest), Object(CakeResponse))
#8 {main}
2017-04-18 18:16:20 Error: [ParseError] syntax error, unexpected ';', expecting ',' or ')'
Request URL: /blog/posts/edit/3
Stack Trace:
#0 /var/www/html/projetos/blog/lib/Cake/View/View.php(933): View->_evaluate('/var/www/html/p...', Array)
#1 /var/www/html/projetos/blog/lib/Cake/View/View.php(473): View->_render('/var/www/html/p...')
#2 /var/www/html/projetos/blog/lib/Cake/Controller/Controller.php(963): View->render(NULL, NULL)
#3 /var/www/html/projetos/blog/lib/Cake/Routing/Dispatcher.php(200): Controller->render()
#4 /var/www/html/projetos/blog/lib/Cake/Routing/Dispatcher.php(167): Dispatcher->_invoke(Object(PostsController), Object(CakeRequest))
#5 /var/www/html/projetos/blog/app/webroot/index.php(110): Dispatcher->dispatch(Object(CakeRequest), Object(CakeResponse))
#6 {main}
2017-04-18 18:27:03 Error: [Error] Class 'MethodNotAllowedExpetion' not found
Request URL: /blog/posts/delete/3
Stack Trace:
#0 [internal function]: PostsController->delete('3')
#1 /var/www/html/projetos/blog/lib/Cake/Controller/Controller.php(491): ReflectionMethod->invokeArgs(Object(PostsController), Array)
#2 /var/www/html/projetos/blog/lib/Cake/Routing/Dispatcher.php(193): Controller->invokeAction(Object(CakeRequest))
#3 /var/www/html/projetos/blog/lib/Cake/Routing/Dispatcher.php(167): Dispatcher->_invoke(Object(PostsController), Object(CakeRequest))
#4 /var/www/html/projetos/blog/app/webroot/index.php(110): Dispatcher->dispatch(Object(CakeRequest), Object(CakeResponse))
#5 {main}
2017-04-18 18:27:08 Error: [Error] Class 'MethodNotAllowedExpetion' not found
Request URL: /blog/posts/delete/3
Stack Trace:
#0 [internal function]: PostsController->delete('3')
#1 /var/www/html/projetos/blog/lib/Cake/Controller/Controller.php(491): ReflectionMethod->invokeArgs(Object(PostsController), Array)
#2 /var/www/html/projetos/blog/lib/Cake/Routing/Dispatcher.php(193): Controller->invokeAction(Object(CakeRequest))
#3 /var/www/html/projetos/blog/lib/Cake/Routing/Dispatcher.php(167): Dispatcher->_invoke(Object(PostsController), Object(CakeRequest))
#4 /var/www/html/projetos/blog/app/webroot/index.php(110): Dispatcher->dispatch(Object(CakeRequest), Object(CakeResponse))
#5 {main}
2017-04-18 18:27:14 Error: [Error] Class 'MethodNotAllowedExpetion' not found
Request URL: /blog/posts/delete/3
Stack Trace:
#0 [internal function]: PostsController->delete('3')
#1 /var/www/html/projetos/blog/lib/Cake/Controller/Controller.php(491): ReflectionMethod->invokeArgs(Object(PostsController), Array)
#2 /var/www/html/projetos/blog/lib/Cake/Routing/Dispatcher.php(193): Controller->invokeAction(Object(CakeRequest))
#3 /var/www/html/projetos/blog/lib/Cake/Routing/Dispatcher.php(167): Dispatcher->_invoke(Object(PostsController), Object(CakeRequest))
#4 /var/www/html/projetos/blog/app/webroot/index.php(110): Dispatcher->dispatch(Object(CakeRequest), Object(CakeResponse))
#5 {main}
2017-04-19 09:08:54 Error: [MissingConnectionException] Database connection "Mysql" is missing, or could not be created.
Exception Attributes: array (
  'class' => 'Mysql',
  'message' => 'SQLSTATE[HY000] [2002] Connection refused',
  'enabled' => true,
)
Request URL: /blog/
Stack Trace:
#0 /var/www/html/blog/lib/Cake/Model/Datasource/DboSource.php(269): Mysql->connect()
#1 /var/www/html/blog/lib/Cake/Model/ConnectionManager.php(105): DboSource->__construct(Array)
#2 /var/www/html/blog/lib/Cake/Model/Model.php(3640): ConnectionManager::getDataSource('default')
#3 /var/www/html/blog/lib/Cake/Model/Model.php(1162): Model->setDataSource('default')
#4 /var/www/html/blog/lib/Cake/Model/Model.php(3667): Model->setSource('posts')
#5 /var/www/html/blog/lib/Cake/Model/Model.php(3038): Model->getDataSource()
#6 /var/www/html/blog/lib/Cake/Model/Model.php(3010): Model->_readDataSource('all', Array)
#7 /var/www/html/blog/app/Controller/PostsController.php(7): Model->find('all')
#8 [internal function]: PostsController->index()
#9 /var/www/html/blog/lib/Cake/Controller/Controller.php(491): ReflectionMethod->invokeArgs(Object(PostsController), Array)
#10 /var/www/html/blog/lib/Cake/Routing/Dispatcher.php(193): Controller->invokeAction(Object(CakeRequest))
#11 /var/www/html/blog/lib/Cake/Routing/Dispatcher.php(167): Dispatcher->_invoke(Object(PostsController), Object(CakeRequest))
#12 /var/www/html/blog/app/webroot/index.php(110): Dispatcher->dispatch(Object(CakeRequest), Object(CakeResponse))
#13 /var/www/html/blog/index.php(41): require('/var/www/html/b...')
#14 {main}
2017-04-19 09:09:24 Error: [MissingConnectionException] Database connection "Mysql" is missing, or could not be created.
Exception Attributes: array (
  'class' => 'Mysql',
  'message' => 'SQLSTATE[HY000] [2002] Connection refused',
  'enabled' => true,
)
Request URL: /blog/
Stack Trace:
#0 /var/www/html/blog/lib/Cake/Model/Datasource/DboSource.php(269): Mysql->connect()
#1 /var/www/html/blog/lib/Cake/Model/ConnectionManager.php(105): DboSource->__construct(Array)
#2 /var/www/html/blog/lib/Cake/Model/Model.php(3640): ConnectionManager::getDataSource('default')
#3 /var/www/html/blog/lib/Cake/Model/Model.php(1162): Model->setDataSource('default')
#4 /var/www/html/blog/lib/Cake/Model/Model.php(3667): Model->setSource('posts')
#5 /var/www/html/blog/lib/Cake/Model/Model.php(3038): Model->getDataSource()
#6 /var/www/html/blog/lib/Cake/Model/Model.php(3010): Model->_readDataSource('all', Array)
#7 /var/www/html/blog/app/Controller/PostsController.php(7): Model->find('all')
#8 [internal function]: PostsController->index()
#9 /var/www/html/blog/lib/Cake/Controller/Controller.php(491): ReflectionMethod->invokeArgs(Object(PostsController), Array)
#10 /var/www/html/blog/lib/Cake/Routing/Dispatcher.php(193): Controller->invokeAction(Object(CakeRequest))
#11 /var/www/html/blog/lib/Cake/Routing/Dispatcher.php(167): Dispatcher->_invoke(Object(PostsController), Object(CakeRequest))
#12 /var/www/html/blog/app/webroot/index.php(110): Dispatcher->dispatch(Object(CakeRequest), Object(CakeResponse))
#13 /var/www/html/blog/index.php(41): require('/var/www/html/b...')
#14 {main}
